# JRE version: OpenJDK Runtime Environment (21.0.10+7) (build 21.0.10+7)
# Java VM: OpenJDK 64-Bit Server VM (21.0.10+7, mixed mode, sharing, tiered, compressed oops, compressed class ptrs, g1 gc, linux-amd64)
GC Precious Log:
 CardTable entry size: 512
 Card Set container configuration: InlinePtr #cards 4 size 8 Array Of Cards #cards 64 size 144 Howl #buckets 8 coarsen threshold 14745 Howl Bitmap #cards 2048 size 272 coarsen threshold 1843 Card regions per heap region 1 cards per card region 16384
 CPUs: 20 total, 20 available
 Memory: 63915M
 Large Page Support: Disabled
 NUMA Support: Disabled
 Compressed Oops: Enabled (Zero based)
 Heap Region Size: 8M
 Heap Min Capacity: 8M
 Heap Initial Capacity: 1000M
 Heap Max Capacity: 15984M
 Pre-touch: Disabled
 Parallel Workers: 15
 Concurrent Workers: 4
 Concurrent Refinement Workers: 15
 Periodic GC: Disabled
Heap:
 garbage-first heap   total 2523136K, used 1607788K [0x0000000419000000, 0x0000000800000000)
  region size 8192K, 142 young (1163264K), 6 survivors (49152K)
 Metaspace       used 25738K, committed 26240K, reserved 1114112K
  class space    used 2585K, committed 2816K, reserved 1048576K
GC Heap History (20 events):
Event: 1.252 GC heap after
{Heap after GC invocations=6 (full 0):
 garbage-first heap   total 1638400K, used 111474K [0x0000000419000000, 0x0000000800000000)
  region size 8192K, 2 young (16384K), 2 survivors (16384K)
 Metaspace       used 19472K, committed 19904K, reserved 1114112K
  class space    used 2104K, committed 2304K, reserved 1048576K
}
Event: 1.434 GC heap before
{Heap before GC invocations=6 (full 0):
 garbage-first heap   total 1638400K, used 267122K [0x0000000419000000, 0x0000000800000000)
  region size 8192K, 21 young (172032K), 2 survivors (16384K)
 Metaspace       used 19475K, committed 19904K, reserved 1114112K
  class space    used 2104K, committed 2304K, reserved 1048576K
}
Event: 1.444 GC heap after
{Heap after GC invocations=7 (full 0):
 garbage-first heap   total 1638400K, used 148034K [0x0000000419000000, 0x0000000800000000)
  region size 8192K, 3 young (24576K), 3 survivors (24576K)
 Metaspace       used 19475K, committed 19904K, reserved 1114112K
  class space    used 2104K, committed 2304K, reserved 1048576K
}
Event: 1.623 GC heap before
{Heap before GC invocations=7 (full 0):
 garbage-first heap   total 1638400K, used 344642K [0x0000000419000000, 0x0000000800000000)
  region size 8192K, 28 young (229376K), 3 survivors (24576K)
 Metaspace       used 19490K, committed 19968K, reserved 1114112K
  class space    used 2106K, committed 2304K, reserved 1048576K
}
Event: 1.636 GC heap after
{Heap after GC invocations=8 (full 0):
 garbage-first heap   total 1638400K, used 200794K [0x0000000419000000, 0x0000000800000000)
  region size 8192K, 4 young (32768K), 4 survivors (32768K)
 Metaspace       used 19490K, committed 19968K, reserved 1114112K
  class space    used 2106K, committed 2304K, reserved 1048576K
}
Event: 1.819 GC heap before
{Heap before GC invocations=8 (full 0):
 garbage-first heap   total 1638400K, used 413786K [0x0000000419000000, 0x0000000800000000)
  region size 8192K, 30 young (245760K), 4 survivors (32768K)
 Metaspace       used 19503K, committed 19968K, reserved 1114112K
  class space    used 2109K, committed 2304K, reserved 1048576K
}
Event: 1.834 GC heap after
{Heap after GC invocations=9 (full 0):
 garbage-first heap   total 1638400K, used 253351K [0x0000000419000000, 0x0000000800000000)
  region size 8192K, 4 young (32768K), 4 survivors (32768K)
 Metaspace       used 19503K, committed 19968K, reserved 1114112K
  class space    used 2109K, committed 2304K, reserved 1048576K
}
Event: 2.114 GC heap before
{Heap before GC invocations=9 (full 0):
 garbage-first heap   total 1638400K, used 507303K [0x0000000419000000, 0x0000000800000000)
  region size 8192K, 35 young (286720K), 4 survivors (32768K)
 Metaspace       used 19830K, committed 20288K, reserved 1114112K
  class space    used 2146K, committed 2368K, reserved 1048576K
}
Event: 2.131 GC heap after
{Heap after GC invocations=10 (full 0):
 garbage-first heap   total 2719744K, used 313463K [0x0000000419000000, 0x0000000800000000)
  region size 8192K, 5 young (40960K), 5 survivors (40960K)
 Metaspace       used 19830K, committed 20288K, reserved 1114112K
  class space    used 2146K, committed 2368K, reserved 1048576K
}
Event: 2.930 GC heap before
{Heap before GC invocations=10 (full 0):
 garbage-first heap   total 2719744K, used 526455K [0x0000000419000000, 0x0000000800000000)
  region size 8192K, 32 young (262144K), 5 survivors (40960K)
 Metaspace       used 21069K, committed 21504K, reserved 1114112K
  class space    used 2227K, committed 2432K, reserved 1048576K
}
Event: 2.945 GC heap after
{Heap after GC invocations=11 (full 0):
 garbage-first heap   total 2719744K, used 363857K [0x0000000419000000, 0x0000000800000000)
  region size 8192K, 5 young (40960K), 5 survivors (40960K)
 Metaspace       used 21069K, committed 21504K, reserved 1114112K
  class space    used 2227K, committed 2432K, reserved 1048576K
}
Event: 3.420 GC heap before
{Heap before GC invocations=12 (full 0):
 garbage-first heap   total 1261568K, used 593233K [0x0000000419000000, 0x0000000800000000)
  region size 8192K, 33 young (270336K), 5 survivors (40960K)
 Metaspace       used 21144K, committed 21632K, reserved 1114112K
  class space    used 2231K, committed 2432K, reserved 1048576K
}
Event: 3.455 GC heap after
{Heap after GC invocations=13 (full 0):
 garbage-first heap   total 1261568K, used 398720K [0x0000000419000000, 0x0000000800000000)
  region size 8192K, 4 young (32768K), 4 survivors (32768K)
 Metaspace       used 21144K, committed 21632K, reserved 1114112K
  class space    used 2231K, committed 2432K, reserved 1048576K
}
Event: 3.808 GC heap before
{Heap before GC invocations=13 (full 0):
 garbage-first heap   total 1261568K, used 734592K [0x0000000419000000, 0x0000000800000000)
  region size 8192K, 45 young (368640K), 4 survivors (32768K)
 Metaspace       used 21174K, committed 21632K, reserved 1114112K
  class space    used 2233K, committed 2432K, reserved 1048576K
}
Event: 3.866 GC heap after
{Heap after GC invocations=14 (full 0):
 garbage-first heap   total 1261568K, used 432847K [0x0000000419000000, 0x0000000800000000)
  region size 8192K, 5 young (40960K), 5 survivors (40960K)
 Metaspace       used 21174K, committed 21632K, reserved 1114112K
  class space    used 2233K, committed 2432K, reserved 1048576K
}
Event: 5.137 GC heap before
{Heap before GC invocations=14 (full 0):
 garbage-first heap   total 1261568K, used 932559K [0x0000000419000000, 0x0000000800000000)
  region size 8192K, 66 young (540672K), 5 survivors (40960K)
 Metaspace       used 23851K, committed 24384K, reserved 1114112K
  class space    used 2501K, committed 2752K, reserved 1048576K
}
Event: 5.288 GC heap after
{Heap after GC invocations=15 (full 0):
 garbage-first heap   total 1261568K, used 473615K [0x0000000419000000, 0x0000000800000000)
  region size 8192K, 9 young (73728K), 9 survivors (73728K)
 Metaspace       used 23851K, committed 24384K, reserved 1114112K
  class space    used 2501K, committed 2752K, reserved 1048576K
}
Event: 7.358 GC heap before
{Heap before GC invocations=15 (full 0):
 garbage-first heap   total 1261568K, used 834063K [0x0000000419000000, 0x0000000800000000)
  region size 8192K, 53 young (434176K), 9 survivors (73728K)
 Metaspace       used 25360K, committed 25856K, reserved 1114112K
  class space    used 2571K, committed 2816K, reserved 1048576K
}
Event: 7.419 GC heap after
{Heap after GC invocations=16 (full 0):
 garbage-first heap   total 2523136K, used 493676K [0x0000000419000000, 0x0000000800000000)
  region size 8192K, 3 young (24576K), 3 survivors (24576K)
 Metaspace       used 25360K, committed 25856K, reserved 1114112K
  class space    used 2571K, committed 2816K, reserved 1048576K
}
Event: 10.574 GC heap before
{Heap before GC invocations=16 (full 0):
 garbage-first heap   total 2523136K, used 1607788K [0x0000000419000000, 0x0000000800000000)
  region size 8192K, 139 young (1138688K), 3 survivors (24576K)
 Metaspace       used 25738K, committed 26240K, reserved 1114112K
  class space    used 2585K, committed 2816K, reserved 1048576K
}

