# JRE version: OpenJDK Runtime Environment (21.0.10+7) (build 21.0.10+7)
# Java VM: OpenJDK 64-Bit Server VM (21.0.10+7, mixed mode, sharing, tiered, compressed oops, compressed class ptrs, g1 gc, linux-amd64)
GC Precious Log:
 CardTable entry size: 512
 Card Set container configuration: InlinePtr #cards 4 size 8 Array Of Cards #cards 64 size 144 Howl #buckets 8 coarsen threshold 14745 Howl Bitmap #cards 2048 size 272 coarsen threshold 1843 Card regions per heap region 1 cards per card region 16384
 CPUs: 20 total, 20 available
 Memory: 63915M
 Large Page Support: Disabled
 NUMA Support: Disabled
 Compressed Oops: Enabled (Zero based)
 Heap Region Size: 8M
 Heap Min Capacity: 8M
 Heap Initial Capacity: 1000M
 Heap Max Capacity: 15984M
 Pre-touch: Disabled
 Parallel Workers: 15
 Concurrent Workers: 4
 Concurrent Refinement Workers: 15
 Periodic GC: Disabled
Heap:
 garbage-first heap   total 2252800K, used 525739K [0x0000000419000000, 0x0000000800000000)
  region size 8192K, 8 young (65536K), 7 survivors (57344K)
 Metaspace       used 26182K, committed 26752K, reserved 1114112K
  class space    used 2648K, committed 2880K, reserved 1048576K
GC Heap History (20 events):
Event: 6.763 GC heap before
{Heap before GC invocations=7 (full 0):
 garbage-first heap   total 1581056K, used 295985K [0x0000000419000000, 0x0000000800000000)
  region size 8192K, 24 young (196608K), 4 survivors (32768K)
 Metaspace       used 19957K, committed 20480K, reserved 1114112K
  class space    used 2172K, committed 2432K, reserved 1048576K
}
Event: 6.775 GC heap after
{Heap after GC invocations=8 (full 0):
 garbage-first heap   total 1581056K, used 179329K [0x0000000419000000, 0x0000000800000000)
  region size 8192K, 3 young (24576K), 3 survivors (24576K)
 Metaspace       used 19957K, committed 20480K, reserved 1114112K
  class space    used 2172K, committed 2432K, reserved 1048576K
}
Event: 6.964 GC heap before
{Heap before GC invocations=8 (full 0):
 garbage-first heap   total 1581056K, used 416897K [0x0000000419000000, 0x0000000800000000)
  region size 8192K, 32 young (262144K), 3 survivors (24576K)
 Metaspace       used 19970K, committed 20544K, reserved 1114112K
  class space    used 2172K, committed 2432K, reserved 1048576K
}
Event: 6.978 GC heap after
{Heap after GC invocations=9 (full 0):
 garbage-first heap   total 1581056K, used 232367K [0x0000000419000000, 0x0000000800000000)
  region size 8192K, 4 young (32768K), 4 survivors (32768K)
 Metaspace       used 19970K, committed 20544K, reserved 1114112K
  class space    used 2172K, committed 2432K, reserved 1048576K
}
Event: 7.294 GC heap before
{Heap before GC invocations=9 (full 0):
 garbage-first heap   total 1581056K, used 494511K [0x0000000419000000, 0x0000000800000000)
  region size 8192K, 37 young (303104K), 4 survivors (32768K)
 Metaspace       used 20003K, committed 20544K, reserved 1114112K
  class space    used 2176K, committed 2432K, reserved 1048576K
}
Event: 7.313 GC heap after
{Heap after GC invocations=10 (full 0):
 garbage-first heap   total 1581056K, used 296467K [0x0000000419000000, 0x0000000800000000)
  region size 8192K, 5 young (40960K), 5 survivors (40960K)
 Metaspace       used 20003K, committed 20544K, reserved 1114112K
  class space    used 2176K, committed 2432K, reserved 1048576K
}
Event: 8.030 GC heap before
{Heap before GC invocations=10 (full 0):
 garbage-first heap   total 1581056K, used 476691K [0x0000000419000000, 0x0000000800000000)
  region size 8192K, 28 young (229376K), 5 survivors (40960K)
 Metaspace       used 21022K, committed 21504K, reserved 1114112K
  class space    used 2263K, committed 2496K, reserved 1048576K
}
Event: 8.048 GC heap after
{Heap after GC invocations=11 (full 0):
 garbage-first heap   total 2588672K, used 346984K [0x0000000419000000, 0x0000000800000000)
  region size 8192K, 5 young (40960K), 5 survivors (40960K)
 Metaspace       used 21022K, committed 21504K, reserved 1114112K
  class space    used 2263K, committed 2496K, reserved 1048576K
}
Event: 9.007 GC heap before
{Heap before GC invocations=12 (full 0):
 garbage-first heap   total 1204224K, used 625512K [0x0000000419000000, 0x0000000800000000)
  region size 8192K, 39 young (319488K), 5 survivors (40960K)
 Metaspace       used 21599K, committed 22144K, reserved 1114112K
  class space    used 2295K, committed 2560K, reserved 1048576K
}
Event: 9.048 GC heap after
{Heap after GC invocations=13 (full 0):
 garbage-first heap   total 1204224K, used 392048K [0x0000000419000000, 0x0000000800000000)
  region size 8192K, 5 young (40960K), 5 survivors (40960K)
 Metaspace       used 21599K, committed 22144K, reserved 1114112K
  class space    used 2295K, committed 2560K, reserved 1048576K
}
Event: 9.416 GC heap before
{Heap before GC invocations=13 (full 0):
 garbage-first heap   total 1204224K, used 703344K [0x0000000419000000, 0x0000000800000000)
  region size 8192K, 43 young (352256K), 5 survivors (40960K)
 Metaspace       used 21637K, committed 22208K, reserved 1114112K
  class space    used 2297K, committed 2560K, reserved 1048576K
}
Event: 9.469 GC heap after
{Heap after GC invocations=14 (full 0):
 garbage-first heap   total 1204224K, used 422410K [0x0000000419000000, 0x0000000800000000)
  region size 8192K, 4 young (32768K), 4 survivors (32768K)
 Metaspace       used 21637K, committed 22208K, reserved 1114112K
  class space    used 2297K, committed 2560K, reserved 1048576K
}
Event: 10.291 GC heap before
{Heap before GC invocations=14 (full 0):
 garbage-first heap   total 1204224K, used 897546K [0x0000000419000000, 0x0000000800000000)
  region size 8192K, 62 young (507904K), 4 survivors (32768K)
 Metaspace       used 21884K, committed 22464K, reserved 1114112K
  class space    used 2312K, committed 2560K, reserved 1048576K
}
Event: 10.355 GC heap after
{Heap after GC invocations=15 (full 0):
 garbage-first heap   total 1204224K, used 471055K [0x0000000419000000, 0x0000000800000000)
  region size 8192K, 8 young (65536K), 8 survivors (65536K)
 Metaspace       used 21884K, committed 22464K, reserved 1114112K
  class space    used 2312K, committed 2560K, reserved 1048576K
}
Event: 11.426 GC heap before
{Heap before GC invocations=15 (full 0):
 garbage-first heap   total 1204224K, used 618511K [0x0000000419000000, 0x0000000800000000)
  region size 8192K, 26 young (212992K), 8 survivors (65536K)
 Metaspace       used 24946K, committed 25408K, reserved 1114112K
  class space    used 2593K, committed 2816K, reserved 1048576K
}
Event: 11.472 GC heap after
{Heap after GC invocations=16 (full 0):
 garbage-first heap   total 1204224K, used 487560K [0x0000000419000000, 0x0000000800000000)
  region size 8192K, 2 young (16384K), 2 survivors (16384K)
 Metaspace       used 24946K, committed 25408K, reserved 1114112K
  class space    used 2593K, committed 2816K, reserved 1048576K
}
Event: 14.041 GC heap before
{Heap before GC invocations=16 (full 0):
 garbage-first heap   total 1204224K, used 1011848K [0x0000000419000000, 0x0000000800000000)
  region size 8192K, 66 young (540672K), 2 survivors (16384K)
 Metaspace       used 25954K, committed 26432K, reserved 1114112K
  class space    used 2645K, committed 2880K, reserved 1048576K
}
Event: 14.053 GC heap after
{Heap after GC invocations=17 (full 0):
 garbage-first heap   total 2252800K, used 496537K [0x0000000419000000, 0x0000000800000000)
  region size 8192K, 3 young (24576K), 3 survivors (24576K)
 Metaspace       used 25954K, committed 26432K, reserved 1114112K
  class space    used 2645K, committed 2880K, reserved 1048576K
}
Event: 16.568 GC heap before
{Heap before GC invocations=17 (full 0):
 garbage-first heap   total 2252800K, used 1577881K [0x0000000419000000, 0x0000000800000000)
  region size 8192K, 136 young (1114112K), 3 survivors (24576K)
 Metaspace       used 26173K, committed 26688K, reserved 1114112K
  class space    used 2648K, committed 2880K, reserved 1048576K
}
Event: 16.587 GC heap after
{Heap after GC invocations=18 (full 0):
 garbage-first heap   total 2252800K, used 525739K [0x0000000419000000, 0x0000000800000000)
  region size 8192K, 7 young (57344K), 7 survivors (57344K)
 Metaspace       used 26173K, committed 26688K, reserved 1114112K
  class space    used 2648K, committed 2880K, reserved 1048576K
}

